C51 COMPILER V9.57.0.0   MAIN                                                              04/16/2021 15:39:18 PAGE 1   


C51 COMPILER V9.57.0.0, COMPILATION OF MODULE MAIN
OBJECT MODULE PLACED IN .\Objects\main.obj
COMPILER INVOKED BY: C:\Keil_v5\C51\BIN\C51.EXE main.c OPTIMIZE(8,SPEED) BROWSE DEBUG OBJECTEXTEND PRINT(.\Listings\main
                    -.lst) OBJECT(.\Objects\main.obj)

line level    source

   1          #include <REGX52.H>
   2          #include <INTRINS.H>
   3          
   4          void delay1s(void)   //?? 0us
   5          {
   6   1          unsigned char a,b,c;
   7   1          for(c=167;c>0;c--)
   8   1              for(b=171;b>0;b--)
   9   1                  for(a=16;a>0;a--);
  10   1          _nop_();  //if Keil,require use intrins.h
  11   1      }
  12          
  13          void delay500ms(void)   //?? 0us
  14          {
  15   1          unsigned char a,b,c;
  16   1          for(c=23;c>0;c--)
  17   1              for(b=152;b>0;b--)
  18   1                  for(a=70;a>0;a--);
  19   1      }
  20          
  21          void delay100ms(void)   //?? 0us
  22          {
  23   1          unsigned char a,b,c;
  24   1          for(c=19;c>0;c--)
  25   1              for(b=20;b>0;b--)
  26   1                  for(a=130;a>0;a--);
  27   1      }
  28          
  29          
  30          unsigned char number = 0;
  31          
  32          void main(){
  33   1              
  34   1      
  35   1              
  36   1              while(1){
  37   2                      if(P3_1==0){
  38   3                              
  39   3                              delay100ms();
  40   3                              
  41   3                              number++;
  42   3                              P2 = ~number;
  43   3                              
  44   3                              if(number>=256){
  45   4                                      number=0;
  46   4                              }
  47   3                      }
  48   2              }
  49   1      
  50   1      //      P2 = 0xFE;
  51   1      //      P2_0 = 0;
  52   1      //      P2_1 = 0;
  53   1      //      while(1){
  54   1      //              if(P3_1==0 && P3_0==0){
C51 COMPILER V9.57.0.0   MAIN                                                              04/16/2021 15:39:18 PAGE 2   

  55   1      //                      //delay1s();
  56   1      //                      P2_0 = 0;
  57   1      //              }else{
  58   1      //                      P2_0 = 1;
  59   1      //              }
  60   1      //      }
  61   1              
  62   1      }


MODULE INFORMATION:   STATIC OVERLAYABLE
   CODE SIZE        =     65    ----
   CONSTANT SIZE    =   ----    ----
   XDATA SIZE       =   ----    ----
   PDATA SIZE       =   ----    ----
   DATA SIZE        =      1    ----
   IDATA SIZE       =   ----    ----
   BIT SIZE         =   ----    ----
END OF MODULE INFORMATION.


C51 COMPILATION COMPLETE.  0 WARNING(S),  0 ERROR(S)
