C51 COMPILER V9.57.0.0   MAIN                                                              04/16/2021 18:26:00 PAGE 1   


C51 COMPILER V9.57.0.0, COMPILATION OF MODULE MAIN
OBJECT MODULE PLACED IN .\Objects\main.obj
COMPILER INVOKED BY: C:\Keil_v5\C51\BIN\C51.EXE main.c OPTIMIZE(8,SPEED) BROWSE DEBUG OBJECTEXTEND PRINT(.\Listings\main
                    -.lst) OBJECT(.\Objects\main.obj)

line level    source

   1          #include <REGX52.H>
   2          
   3          unsigned char NixieTable[] = {0x3F,0x06,0x5B,0x4F,0x66,0x6D,0x7D,0x07,0x7F,0x6F,0x77,0x7C,0x39,0x5E,0x79,0
             -x71,0x00};
   4          
   5          void delay500ms(void)   //?? 0us
   6          {
   7   1          unsigned char a,b,c;
   8   1          for(c=23;c>0;c--)
   9   1              for(b=152;b>0;b--)
  10   1                  for(a=70;a>0;a--);
  11   1      }
  12          
  13          void delay100ms(void)   //?? 0us
  14          {
  15   1          unsigned char a,b,c;
  16   1          for(c=19;c>0;c--)
  17   1              for(b=20;b>0;b--)
  18   1                  for(a=130;a>0;a--);
  19   1      }
  20          
  21          
  22          void Nixie(unsigned char Location,Number){
  23   1              switch(Location){
  24   2                      case 1:
  25   2                              P2_4 = 1;P2_3 = 1;P2_2 = 1;break;
  26   2                      case 2:
  27   2                              P2_4 = 1;P2_3 = 1;P2_2 = 0;break;       
  28   2                      case 3:
  29   2                              P2_4 = 1;P2_3 = 0;P2_2 = 1;break;
  30   2                      case 4:
  31   2                              P2_4 = 1;P2_3 = 0;P2_2 = 0;break;
  32   2                      case 5:
  33   2                              P2_4 = 0;P2_3 = 1;P2_2 = 1;break;
  34   2                      case 6:
  35   2                              P2_4 = 0;P2_3 = 1;P2_2 = 0;break;
  36   2                      case 7:
  37   2                              P2_4 = 0;P2_3 = 0;P2_2 = 1;break;
  38   2                      case 8:
  39   2                              P2_4 = 0;P2_3 = 0;P2_2 = 0;break;
  40   2              }
  41   1              
  42   1              P0 = NixieTable[Number];
  43   1      }
  44          
  45          void main(){
  46   1              
  47   1              int i,j;
  48   1              
  49   1              while(1){
  50   2                      
  51   2                      for(i=1;i<=8;i++){
  52   3                              
  53   3                              for(j=0;j<17;j++){
C51 COMPILER V9.57.0.0   MAIN                                                              04/16/2021 18:26:00 PAGE 2   

  54   4                                      Nixie(i,j);
  55   4                                      delay100ms();
  56   4                              }
  57   3                      }
  58   2                      
  59   2              }
  60   1      }
  61          
  62          
  63          //void main(){
  64          //      
  65          //      P2_4 = 1;
  66          //      P2_3 = 0;
  67          //      P2_2 = 1;
  68          
  69          //      P0 = 0x7D;      
  70          //      while(1){
  71          //              
  72          //      }
  73          //}


MODULE INFORMATION:   STATIC OVERLAYABLE
   CODE SIZE        =    178    ----
   CONSTANT SIZE    =   ----    ----
   XDATA SIZE       =   ----    ----
   PDATA SIZE       =   ----    ----
   DATA SIZE        =     17       2
   IDATA SIZE       =   ----    ----
   BIT SIZE         =   ----    ----
END OF MODULE INFORMATION.


C51 COMPILATION COMPLETE.  0 WARNING(S),  0 ERROR(S)
