C51 COMPILER V9.57.0.0   MAIN                                                              04/16/2021 00:25:24 PAGE 1   


C51 COMPILER V9.57.0.0, COMPILATION OF MODULE MAIN
OBJECT MODULE PLACED IN .\Objects\main.obj
COMPILER INVOKED BY: C:\Keil_v5\C51\BIN\C51.EXE main.c OPTIMIZE(8,SPEED) BROWSE DEBUG OBJECTEXTEND PRINT(.\Listings\main
                    -.lst) TABS(2) OBJECT(.\Objects\main.obj)

line level    source

   1          #include <REGX52.H>
   2          
   3          void delay()
   4          {
   5   1          unsigned char a,b,c;
   6   1          for(c=23;c>0;c--)
   7   1              for(b=152;b>0;b--)
   8   1                  for(a=70;a>0;a--);
   9   1      }
  10          
  11          
  12          void main(){
  13   1      
  14   1        while(1){
  15   2          P2 = 0xFE;//1111 1110
  16   2          delay();
  17   2          //P2 = 0xFF;
  18   2          //delay();
  19   2          
  20   2          P2 = 0xFD;//1111 1101
  21   2          delay();
  22   2          
  23   2          P2 = 0xFB;//1111 1011
  24   2          delay();
  25   2          
  26   2          P2 = 0xF7;//1111 0111
  27   2          delay();
  28   2          
  29   2          P2 = 0xEF;//1110 1111
  30   2          delay();
  31   2          
  32   2          P2 = 0xDE;//1101 1111
  33   2          delay();
  34   2          
  35   2          P2 = 0xBE;//1011 1111
  36   2          delay();
  37   2          
  38   2          P2 = 0x7E;//0111 1111
  39   2          delay();
  40   2          
  41   2        }
  42   1      }


MODULE INFORMATION:   STATIC OVERLAYABLE
   CODE SIZE        =     63    ----
   CONSTANT SIZE    =   ----    ----
   XDATA SIZE       =   ----    ----
   PDATA SIZE       =   ----    ----
   DATA SIZE        =   ----    ----
   IDATA SIZE       =   ----    ----
   BIT SIZE         =   ----    ----
END OF MODULE INFORMATION.


C51 COMPILATION COMPLETE.  0 WARNING(S),  0 ERROR(S)
