C51 COMPILER V9.57.0.0   MAIN                                                              04/17/2021 01:13:48 PAGE 1   


C51 COMPILER V9.57.0.0, COMPILATION OF MODULE MAIN
OBJECT MODULE PLACED IN .\Objects\main.obj
COMPILER INVOKED BY: C:\Keil_v5\C51\BIN\C51.EXE main.c OPTIMIZE(8,SPEED) BROWSE DEBUG OBJECTEXTEND PRINT(.\Listings\main
                    -.lst) OBJECT(.\Objects\main.obj)

line level    source

   1          #include <REGX52.H>
   2          
   3          #include "Delay.h"
   4          #include "LCD1602.h"
   5          #include "MatrixKey.h"
   6          
   7          unsigned char KeyNum;
   8          unsigned int Password;
   9          
  10          unsigned char count;
  11          
  12          void main(){
  13   1              
  14   1              LCD_Init();
  15   1              LCD_ShowString(1,1,"Password(1~16):");
  16   1              while(1){
  17   2              
  18   2                      KeyNum = MartrixKey();
  19   2                      if(KeyNum){
  20   3                              
  21   3                              if(KeyNum<=10){//1-10定义为密码区
  22   4                                      if(count<4){//输入次数
  23   5                                              Password *= 10;
  24   5                                              Password += KeyNum%10;//获取一位密码
  25   5                                      }
  26   4                                      count++;
  27   4                                      LCD_ShowNum(2,1,Password,4);
  28   4                              }
  29   3                              if(KeyNum==11){//确认
  30   4                                      if(Password==1997){
  31   5                                              LCD_ShowString(2,1,"OK !");
  32   5                                              delay500ms();
  33   5                                              Password = 0;//密码清零
  34   5                                              count = 0;//计数清零
  35   5                                              LCD_ShowString(2,1,"       ");
  36   5                                              LCD_ShowNum(2,1,Password,4);
  37   5                                      }else{
  38   5                                              LCD_ShowString(2,1,"error!");
  39   5                                              delay500ms();
  40   5                                              Password = 0;
  41   5                                              count = 0;
  42   5                                              LCD_ShowString(2,1,"       ");
  43   5                                              LCD_ShowNum(2,1,Password,4);
  44   5                                      }
  45   4                              }
  46   3                              if(KeyNum==12){//取消
  47   4                                      LCD_ShowString(2,1,"cancel!");
  48   4                                              delay500ms();
  49   4                                      Password = 0;
  50   4                                      count = 0;
  51   4                                      LCD_ShowString(2,1,"       ");
  52   4                                      LCD_ShowNum(2,1,Password,4);
  53   4                              }
  54   3                      }
C51 COMPILER V9.57.0.0   MAIN                                                              04/17/2021 01:13:48 PAGE 2   

  55   2              }
  56   1              
  57   1      }


MODULE INFORMATION:   STATIC OVERLAYABLE
   CODE SIZE        =    221    ----
   CONSTANT SIZE    =     44    ----
   XDATA SIZE       =   ----    ----
   PDATA SIZE       =   ----    ----
   DATA SIZE        =      4    ----
   IDATA SIZE       =   ----    ----
   BIT SIZE         =   ----    ----
END OF MODULE INFORMATION.


C51 COMPILATION COMPLETE.  0 WARNING(S),  0 ERROR(S)
