C51 COMPILER V9.57.0.0   MATRIXKEY                                                         04/17/2021 17:32:58 PAGE 1   


C51 COMPILER V9.57.0.0, COMPILATION OF MODULE MATRIXKEY
OBJECT MODULE PLACED IN .\Objects\MatrixKey.obj
COMPILER INVOKED BY: C:\Keil_v5\C51\BIN\C51.EXE MatrixKey.c OPTIMIZE(8,SPEED) BROWSE DEBUG OBJECTEXTEND PRINT(.\Listings
                    -\MatrixKey.lst) OBJECT(.\Objects\MatrixKey.obj)

line level    source

   1          #include <REGX52.H>
   2          
   3          #include "Delay.h"
   4          
   5          /**
   6            * @brief   
   7            * @param 
   8            * @retavl  
   9          **/
  10          
  11          unsigned char MartrixKey(){
  12   1              unsigned char KeyNumber = 0;
  13   1              
  14   1              P1 = 0xFF;
  15   1              P1_3 =  0;
  16   1              if(P1_7==0){
  17   2                      delay100ms();
  18   2                      while(P1_7==0){
  19   3                              delay100ms();
  20   3                              KeyNumber = 1;
  21   3                      }
  22   2              }
  23   1              if(P1_6==0){
  24   2                      delay100ms();
  25   2                      while(P1_6==0){
  26   3                              delay100ms();
  27   3                              KeyNumber = 5;
  28   3                      }
  29   2              }
  30   1              if(P1_5==0){
  31   2                      delay100ms();
  32   2                      while(P1_5==0){
  33   3                              delay100ms();
  34   3                              KeyNumber = 9;
  35   3                      }
  36   2              }
  37   1              if(P1_4==0){
  38   2                      delay100ms();
  39   2                      while(P1_4==0){
  40   3                              delay100ms();
  41   3                              KeyNumber = 13;
  42   3                      }
  43   2              }
  44   1              
  45   1              P1 = 0xFF;
  46   1              P1_2 =  0;
  47   1              if(P1_7==0){
  48   2                      delay100ms();
  49   2                      while(P1_7==0){
  50   3                              delay100ms();
  51   3                              KeyNumber = 2;
  52   3                      }
  53   2              }
  54   1              if(P1_6==0){
C51 COMPILER V9.57.0.0   MATRIXKEY                                                         04/17/2021 17:32:58 PAGE 2   

  55   2                      delay100ms();
  56   2                      while(P1_6==0){
  57   3                              delay100ms();
  58   3                              KeyNumber = 6;
  59   3                      }
  60   2              }
  61   1              if(P1_5==0){
  62   2                      delay100ms();
  63   2                      while(P1_5==0){
  64   3                              delay100ms();
  65   3                              KeyNumber = 10;
  66   3                      }
  67   2              }
  68   1              if(P1_4==0){
  69   2                      delay100ms();
  70   2                      while(P1_4==0){
  71   3                              delay100ms();
  72   3                              KeyNumber = 14;
  73   3                      }
  74   2              }
  75   1              
  76   1              P1 = 0xFF;
  77   1              P1_1 =  0;
  78   1              if(P1_7==0){
  79   2                      delay100ms();
  80   2                      while(P1_7==0){
  81   3                              delay100ms();
  82   3                              KeyNumber = 3;
  83   3                      }
  84   2              }
  85   1              if(P1_6==0){
  86   2                      delay100ms();
  87   2                      while(P1_6==0){
  88   3                              delay100ms();
  89   3                              KeyNumber = 7;
  90   3                      }
  91   2              }
  92   1              if(P1_5==0){
  93   2                      delay100ms();
  94   2                      while(P1_5==0){
  95   3                              delay100ms();
  96   3                              KeyNumber = 11;
  97   3                      }
  98   2              }
  99   1              if(P1_4==0){
 100   2                      delay100ms();
 101   2                      while(P1_4==0){
 102   3                              delay100ms();
 103   3                              KeyNumber = 15;
 104   3                      }
 105   2              }
 106   1              
 107   1              P1 = 0xFF;
 108   1              P1_0 =  0;
 109   1              if(P1_7==0){
 110   2                      delay100ms();
 111   2                      while(P1_7==0){
 112   3                              delay100ms();
 113   3                              KeyNumber = 4;
 114   3                      }
 115   2              }
 116   1              if(P1_6==0){
C51 COMPILER V9.57.0.0   MATRIXKEY                                                         04/17/2021 17:32:58 PAGE 3   

 117   2                      delay100ms();
 118   2                      while(P1_6==0){
 119   3                              delay100ms();
 120   3                              KeyNumber = 8;
 121   3                      }
 122   2              }
 123   1              if(P1_5==0){
 124   2                      delay100ms();
 125   2                      while(P1_5==0){
 126   3                              delay100ms();
 127   3                              KeyNumber = 12;
 128   3                      }
 129   2              }
 130   1              if(P1_4==0){
 131   2                      delay100ms();
 132   2                      while(P1_4==0){
 133   3                              delay100ms();
 134   3                              KeyNumber = 16;
 135   3                      }
 136   2              }
 137   1              
 138   1              
 139   1              return KeyNumber;
 140   1      }


MODULE INFORMATION:   STATIC OVERLAYABLE
   CODE SIZE        =    298    ----
   CONSTANT SIZE    =   ----    ----
   XDATA SIZE       =   ----    ----
   PDATA SIZE       =   ----    ----
   DATA SIZE        =   ----       1
   IDATA SIZE       =   ----    ----
   BIT SIZE         =   ----    ----
END OF MODULE INFORMATION.


C51 COMPILATION COMPLETE.  0 WARNING(S),  0 ERROR(S)
