C51 COMPILER V9.57.0.0   NIXIE                                                             04/17/2021 01:01:03 PAGE 1   


C51 COMPILER V9.57.0.0, COMPILATION OF MODULE NIXIE
OBJECT MODULE PLACED IN .\Objects\Nixie.obj
COMPILER INVOKED BY: C:\Keil_v5\C51\BIN\C51.EXE Nixie.c OPTIMIZE(8,SPEED) BROWSE DEBUG OBJECTEXTEND PRINT(.\Listings\Nix
                    -ie.lst) OBJECT(.\Objects\Nixie.obj)

line level    source

   1          #include <REGX52.H>
   2          
   3          unsigned char NixieTable[] = {0x3F,0x06,0x5B,0x4F,0x66,0x6D,0x7D,0x07,0x7F,0x6F,0x77,0x7C,0x39,0x5E,0x79,0
             -x71,0x00};
   4          
   5          void Nixie(unsigned char Location,Number){
   6   1              switch(Location){
   7   2                      case 1:
   8   2                              P2_4 = 1;P2_3 = 1;P2_2 = 1;break;
   9   2                      case 2:
  10   2                              P2_4 = 1;P2_3 = 1;P2_2 = 0;break;       
  11   2                      case 3:
  12   2                              P2_4 = 1;P2_3 = 0;P2_2 = 1;break;
  13   2                      case 4:
  14   2                              P2_4 = 1;P2_3 = 0;P2_2 = 0;break;
  15   2                      case 5:
  16   2                              P2_4 = 0;P2_3 = 1;P2_2 = 1;break;
  17   2                      case 6:
  18   2                              P2_4 = 0;P2_3 = 1;P2_2 = 0;break;
  19   2                      case 7:
  20   2                              P2_4 = 0;P2_3 = 0;P2_2 = 1;break;
  21   2                      case 8:
  22   2                              P2_4 = 0;P2_3 = 0;P2_2 = 0;break;
  23   2              }
  24   1              
  25   1              P0 = NixieTable[Number];
  26   1      }


MODULE INFORMATION:   STATIC OVERLAYABLE
   CODE SIZE        =     99    ----
   CONSTANT SIZE    =   ----    ----
   XDATA SIZE       =   ----    ----
   PDATA SIZE       =   ----    ----
   DATA SIZE        =     17    ----
   IDATA SIZE       =   ----    ----
   BIT SIZE         =   ----    ----
END OF MODULE INFORMATION.


C51 COMPILATION COMPLETE.  0 WARNING(S),  0 ERROR(S)
