C51 COMPILER V9.57.0.0   DELAY                                                             04/21/2021 19:49:46 PAGE 1   


C51 COMPILER V9.57.0.0, COMPILATION OF MODULE DELAY
OBJECT MODULE PLACED IN .\Objects\Delay.obj
COMPILER INVOKED BY: C:\Keil_v5\C51\BIN\C51.EXE Delay.c OPTIMIZE(8,SPEED) BROWSE DEBUG OBJECTEXTEND PRINT(.\Listings\Del
                    -ay.lst) OBJECT(.\Objects\Delay.obj)

line level    source

   1          #include <INTRINS.H>
   2          
   3          void delay500ms(void)   //误差 0us
   4          {
   5   1          unsigned char a,b,c;
   6   1          for(c=23;c>0;c--)
   7   1              for(b=152;b>0;b--)
   8   1                  for(a=70;a>0;a--);
   9   1      }
  10          
  11          void delay100ms(void)   //?? 0us
  12          {
  13   1          unsigned char a,b,c;
  14   1          for(c=19;c>0;c--)
  15   1              for(b=20;b>0;b--)
  16   1                  for(a=130;a>0;a--);
  17   1      }
  18          
  19          void delay20ms(void)   //误差 0us
  20          {
  21   1          unsigned char a,b;
  22   1          for(b=215;b>0;b--)
  23   1              for(a=45;a>0;a--);
  24   1          _nop_();  //if Keil,require use intrins.h
  25   1          _nop_();  //if Keil,require use intrins.h
  26   1      }
  27          


MODULE INFORMATION:   STATIC OVERLAYABLE
   CODE SIZE        =     37    ----
   CONSTANT SIZE    =   ----    ----
   XDATA SIZE       =   ----    ----
   PDATA SIZE       =   ----    ----
   DATA SIZE        =   ----    ----
   IDATA SIZE       =   ----    ----
   BIT SIZE         =   ----    ----
END OF MODULE INFORMATION.


C51 COMPILATION COMPLETE.  0 WARNING(S),  0 ERROR(S)
