C51 COMPILER V9.57.0.0   KEY                                                               04/21/2021 19:58:43 PAGE 1   


C51 COMPILER V9.57.0.0, COMPILATION OF MODULE KEY
OBJECT MODULE PLACED IN .\Objects\Key.obj
COMPILER INVOKED BY: C:\Keil_v5\C51\BIN\C51.EXE Key.c OPTIMIZE(8,SPEED) BROWSE DEBUG OBJECTEXTEND PRINT(.\Listings\Key.l
                    -st) OBJECT(.\Objects\Key.obj)

line level    source

   1          #include <REGX52.H>
   2          
   3          #include "Dealy.h"
*** WARNING C318 IN LINE 3 OF Key.c: can't open file 'Dealy.h'
   4          
   5          
   6          /**
   7            * @brief   获取独立按键键码
   8            * @param   
   9            * @retval  按下按键的键码，范围：0~4，无按键按下时，返回值为0
  10          **/
  11          
  12          unsigned char Key(){
  13   1              
  14   1              unsigned char KeyNumber = 0;
  15   1              
  16   1              if(P3_1==0){
  17   2              
  18   2                      delay20ms();//消抖
*** WARNING C206 IN LINE 18 OF Key.c: 'delay20ms': missing function-prototype
  19   2                      while(P3_1==0){
  20   3                              delay20ms();
  21   3                      }
  22   2                      
  23   2                      KeyNumber = 1;
  24   2              
  25   2              }
  26   1              
  27   1              if(P3_0==0){
  28   2              
  29   2                      delay20ms();//消抖
  30   2                      while(P3_0==0){
  31   3                              delay20ms();
  32   3                      }
  33   2                      
  34   2                      KeyNumber = 2;
  35   2              
  36   2              }
  37   1              
  38   1              if(P3_2==0){
  39   2              
  40   2                      delay20ms();//消抖
  41   2                      while(P3_2==0){
  42   3                              delay20ms();
  43   3                      }
  44   2                      
  45   2                      KeyNumber = 3;
  46   2              
  47   2              }
  48   1              
  49   1              if(P3_3==0){
  50   2              
  51   2                      delay20ms();//消抖
  52   2                      while(P3_3==0){
C51 COMPILER V9.57.0.0   KEY                                                               04/21/2021 19:58:43 PAGE 2   

  53   3                              delay20ms();
  54   3                      }
  55   2                      
  56   2                      KeyNumber = 4;
  57   2              
  58   2              }
  59   1              
  60   1              return KeyNumber;
  61   1      
  62   1      }


MODULE INFORMATION:   STATIC OVERLAYABLE
   CODE SIZE        =     70    ----
   CONSTANT SIZE    =   ----    ----
   XDATA SIZE       =   ----    ----
   PDATA SIZE       =   ----    ----
   DATA SIZE        =   ----       1
   IDATA SIZE       =   ----    ----
   BIT SIZE         =   ----    ----
END OF MODULE INFORMATION.


C51 COMPILATION COMPLETE.  2 WARNING(S),  0 ERROR(S)
