C51 COMPILER V9.57.0.0   MAIN                                                              04/21/2021 20:13:12 PAGE 1   


C51 COMPILER V9.57.0.0, COMPILATION OF MODULE MAIN
OBJECT MODULE PLACED IN .\Objects\main.obj
COMPILER INVOKED BY: C:\Keil_v5\C51\BIN\C51.EXE main.c OPTIMIZE(8,SPEED) BROWSE DEBUG OBJECTEXTEND PRINT(.\Listings\main
                    -.lst) OBJECT(.\Objects\main.obj)

line level    source

   1          #include <REGX52.H>
   2          #include <INTRINS.H>
   3          
   4          #include "TIMER0.h"
   5          #include "Key.h"
   6          
   7          unsigned char KeyNum,LEDMode;
   8          
   9          
  10          //void Timer0_Init(){
  11          
  12          //      TMOD= 00000001;//00000001
  13          //      TMOD = TMOD&0xF0;//把TMOD的低四位清零，高四位保持不变
  14          //      TMOD = TMOD|0x01;//把TMOD的最低位置一，高四位保持不变
  15          //      TF0 = 0;
  16          //      TR0 = 1;  
  17          //      TH0 = 64535/256;
  18          //      TL0 = 64535%256;
  19          //      ET0 = 1;
  20          //      EA = 1;
  21          //      PT0 = 0;
  22          //}
  23          
  24          void main(){
  25   1              
  26   1              P2 = 0xFE;
  27   1              
  28   1              
  29   1      
  30   1              Timer0Init();
  31   1              
  32   1              while(1){
  33   2              
  34   2                      KeyNum = Key();
  35   2                      if(KeyNum){
  36   3                      
  37   3                              if(KeyNum==1){
  38   4                              
  39   4                                      LEDMode++;
  40   4                                      if(LEDMode>=2){
  41   5                                              LEDMode = 0;
  42   5                                      }
  43   4                              
  44   4                              }
  45   3                              
  46   3      //                      if(KeyNum==2){
  47   3      //                      
  48   3      //                              P2_2=~P2_2;
  49   3      //                      
  50   3      //                      }
  51   3      //                      
  52   3      //                      if(KeyNum==3){
  53   3      //                      
  54   3      //                              P2_3=~P2_3;
C51 COMPILER V9.57.0.0   MAIN                                                              04/21/2021 20:13:12 PAGE 2   

  55   3      //                      
  56   3      //                      }
  57   3      //                      
  58   3      //                      if(KeyNum==4){
  59   3      //                      
  60   3      //                              P2_4=~P2_4;
  61   3      //                      
  62   3      //                      }
  63   3                              
  64   3                      }
  65   2              
  66   2              }
  67   1      
  68   1      }
  69          
  70          
  71          
  72          void Timer0_Routine() interrupt 1{
  73   1              
  74   1              static unsigned int T0Count;
  75   1      
  76   1              TH0 = 0x18;
  77   1              TL0 = 0xFC;
  78   1              T0Count++;
  79   1              
  80   1              if(T0Count>=500){
  81   2                      T0Count = 0;
  82   2                      
  83   2                      if(LEDMode == 0){
  84   3                      
  85   3                              P2 = _crol_(P2,1);
  86   3                              
  87   3                      }
  88   2                      
  89   2                      if(LEDMode == 1){
  90   3                      
  91   3                              P2 = _cror_(P2,1);
  92   3                              
  93   3                      }
  94   2              }
  95   1              
  96   1      }


MODULE INFORMATION:   STATIC OVERLAYABLE
   CODE SIZE        =    116    ----
   CONSTANT SIZE    =   ----    ----
   XDATA SIZE       =   ----    ----
   PDATA SIZE       =   ----    ----
   DATA SIZE        =      4    ----
   IDATA SIZE       =   ----    ----
   BIT SIZE         =   ----    ----
END OF MODULE INFORMATION.


C51 COMPILATION COMPLETE.  0 WARNING(S),  0 ERROR(S)
