C51 COMPILER V9.57.0.0   TIMER0                                                            04/21/2021 19:36:56 PAGE 1   


C51 COMPILER V9.57.0.0, COMPILATION OF MODULE TIMER0
OBJECT MODULE PLACED IN .\Objects\Timer0.obj
COMPILER INVOKED BY: C:\Keil_v5\C51\BIN\C51.EXE Timer0.c OPTIMIZE(8,SPEED) BROWSE DEBUG OBJECTEXTEND PRINT(.\Listings\Ti
                    -mer0.lst) OBJECT(.\Objects\Timer0.obj)

line level    source

   1          #include <REGX52.H>
   2          
   3          /**
   4            * @brief   定时器0初始化，1毫秒@12.000MHz
   5            * @param   void
   6            * @retval  
   7          **/
   8          
   9          void Timer0Init(void)           //1毫秒@12.000MHz
  10          {
  11   1              //AUXR &= 0x7F;         //定时器时钟12T模式
  12   1              TMOD &= 0xF0;           //设置定时器模式
  13   1              TMOD |= 0x01;           //设置定时器模式
  14   1              TL0 = 0x18;             //设置定时初值
  15   1              TH0 = 0xFC;             //设置定时初值
  16   1              TF0 = 0;                //清除TF0标志
  17   1              TR0 = 1;                //定时器0开始计时
  18   1              
  19   1              ET0 = 1;
  20   1              EA = 1;
  21   1              PT0 = 0;
  22   1      }
  23          
  24          //void Timer0_Routine() interrupt 1{
  25          //      
  26          //      static unsigned int T0Count;
  27          
  28          
  29          //      T0Count++;
  30          //      TH0 = 64535/256;
  31          //      TL0 = 64535%256;
  32          //      
  33          //      if(T0Count>=1000){
  34          //              T0Count = 0;
  35          //              P2_0 = ~P2_0;;
  36          //      }
  37          //      
  38          //}


MODULE INFORMATION:   STATIC OVERLAYABLE
   CODE SIZE        =     23    ----
   CONSTANT SIZE    =   ----    ----
   XDATA SIZE       =   ----    ----
   PDATA SIZE       =   ----    ----
   DATA SIZE        =   ----    ----
   IDATA SIZE       =   ----    ----
   BIT SIZE         =   ----    ----
END OF MODULE INFORMATION.


C51 COMPILATION COMPLETE.  0 WARNING(S),  0 ERROR(S)
