C51 COMPILER V9.57.0.0   DELAY                                                             04/17/2021 00:06:15 PAGE 1   


C51 COMPILER V9.57.0.0, COMPILATION OF MODULE DELAY
OBJECT MODULE PLACED IN .\Objects\Delay.obj
COMPILER INVOKED BY: C:\Keil_v5\C51\BIN\C51.EXE Delay.c OPTIMIZE(8,SPEED) BROWSE DEBUG OBJECTEXTEND PRINT(.\Listings\Del
                    -ay.lst) OBJECT(.\Objects\Delay.obj)

line level    source

   1          void delay500ms(void)   //误差 0us
   2          {
   3   1          unsigned char a,b,c;
   4   1          for(c=23;c>0;c--)
   5   1              for(b=152;b>0;b--)
   6   1                  for(a=70;a>0;a--);
   7   1      }
   8          
   9          void delay100ms(void)   //?? 0us
  10          {
  11   1          unsigned char a,b,c;
  12   1          for(c=19;c>0;c--)
  13   1              for(b=20;b>0;b--)
  14   1                  for(a=130;a>0;a--);
  15   1      }


MODULE INFORMATION:   STATIC OVERLAYABLE
   CODE SIZE        =     26    ----
   CONSTANT SIZE    =   ----    ----
   XDATA SIZE       =   ----    ----
   PDATA SIZE       =   ----    ----
   DATA SIZE        =   ----    ----
   IDATA SIZE       =   ----    ----
   BIT SIZE         =   ----    ----
END OF MODULE INFORMATION.


C51 COMPILATION COMPLETE.  0 WARNING(S),  0 ERROR(S)
