C51 COMPILER V9.57.0.0   MAIN                                                              04/17/2021 00:39:34 PAGE 1   


C51 COMPILER V9.57.0.0, COMPILATION OF MODULE MAIN
OBJECT MODULE PLACED IN .\Objects\main.obj
COMPILER INVOKED BY: C:\Keil_v5\C51\BIN\C51.EXE main.c OPTIMIZE(8,SPEED) BROWSE DEBUG OBJECTEXTEND PRINT(.\Listings\main
                    -.lst) OBJECT(.\Objects\main.obj)

line level    source

   1          #include <REGX52.H>
   2          
   3          #include "Delay.h"
   4          #include "LCD1602.h"
   5          #include "MatrixKey.h"
   6          
   7          unsigned char KeyNum;
   8          
   9          void main(){
  10   1              
  11   1              LCD_Init();
  12   1              LCD_ShowString(1,1,"MatrixKey:");
  13   1              while(1){
  14   2              
  15   2                      KeyNum = MartrixKey();
  16   2                      if(KeyNum){
  17   3                              LCD_ShowNum(2,1,KeyNum,2);
  18   3                      }
  19   2              }
  20   1              
  21   1      }


MODULE INFORMATION:   STATIC OVERLAYABLE
   CODE SIZE        =     40    ----
   CONSTANT SIZE    =     11    ----
   XDATA SIZE       =   ----    ----
   PDATA SIZE       =   ----    ----
   DATA SIZE        =      1    ----
   IDATA SIZE       =   ----    ----
   BIT SIZE         =   ----    ----
END OF MODULE INFORMATION.


C51 COMPILATION COMPLETE.  0 WARNING(S),  0 ERROR(S)
