C51 COMPILER V9.57.0.0   MATRIXKEY                                                         04/17/2021 00:45:45 PAGE 1   


C51 COMPILER V9.57.0.0, COMPILATION OF MODULE MATRIXKEY
OBJECT MODULE PLACED IN .\Objects\MatrixKey.obj
COMPILER INVOKED BY: C:\Keil_v5\C51\BIN\C51.EXE MatrixKey.c OPTIMIZE(8,SPEED) BROWSE DEBUG OBJECTEXTEND PRINT(.\Listings
                    -\MatrixKey.lst) OBJECT(.\Objects\MatrixKey.obj)

line level    source

   1          #include <REGX52.H>
   2          
   3          #include "Delay.h"
   4          
   5          /**
   6            * @brief  
   7            * @param  
   8            * @retval 
   9            */
  10          unsigned char MartrixKey(){
  11   1              unsigned char KeyNumber = 0;
  12   1              
  13   1              P1 = 0xFF;
  14   1              P1_3 =  0;
  15   1              if(P1_7==0){
  16   2                      delay100ms();
  17   2                      while(P1_7==0){
  18   3                              delay100ms();
  19   3                              KeyNumber = 1;
  20   3                      }
  21   2              }
  22   1              if(P1_6==0){
  23   2                      delay100ms();
  24   2                      while(P1_6==0){
  25   3                              delay100ms();
  26   3                              KeyNumber = 5;
  27   3                      }
  28   2              }
  29   1              if(P1_5==0){
  30   2                      delay100ms();
  31   2                      while(P1_5==0){
  32   3                              delay100ms();
  33   3                              KeyNumber = 9;
  34   3                      }
  35   2              }
  36   1              if(P1_4==0){
  37   2                      delay100ms();
  38   2                      while(P1_4==0){
  39   3                              delay100ms();
  40   3                              KeyNumber = 13;
  41   3                      }
  42   2              }
  43   1              
  44   1              P1 = 0xFF;
  45   1              P1_2 =  0;
  46   1              if(P1_7==0){
  47   2                      delay100ms();
  48   2                      while(P1_7==0){
  49   3                              delay100ms();
  50   3                              KeyNumber = 2;
  51   3                      }
  52   2              }
  53   1              if(P1_6==0){
  54   2                      delay100ms();
C51 COMPILER V9.57.0.0   MATRIXKEY                                                         04/17/2021 00:45:45 PAGE 2   

  55   2                      while(P1_6==0){
  56   3                              delay100ms();
  57   3                              KeyNumber = 6;
  58   3                      }
  59   2              }
  60   1              if(P1_5==0){
  61   2                      delay100ms();
  62   2                      while(P1_5==0){
  63   3                              delay100ms();
  64   3                              KeyNumber = 10;
  65   3                      }
  66   2              }
  67   1              if(P1_4==0){
  68   2                      delay100ms();
  69   2                      while(P1_4==0){
  70   3                              delay100ms();
  71   3                              KeyNumber = 14;
  72   3                      }
  73   2              }
  74   1              
  75   1              P1 = 0xFF;
  76   1              P1_1 =  0;
  77   1              if(P1_7==0){
  78   2                      delay100ms();
  79   2                      while(P1_7==0){
  80   3                              delay100ms();
  81   3                              KeyNumber = 3;
  82   3                      }
  83   2              }
  84   1              if(P1_6==0){
  85   2                      delay100ms();
  86   2                      while(P1_6==0){
  87   3                              delay100ms();
  88   3                              KeyNumber = 7;
  89   3                      }
  90   2              }
  91   1              if(P1_5==0){
  92   2                      delay100ms();
  93   2                      while(P1_5==0){
  94   3                              delay100ms();
  95   3                              KeyNumber = 11;
  96   3                      }
  97   2              }
  98   1              if(P1_4==0){
  99   2                      delay100ms();
 100   2                      while(P1_4==0){
 101   3                              delay100ms();
 102   3                              KeyNumber = 15;
 103   3                      }
 104   2              }
 105   1              
 106   1              P1 = 0xFF;
 107   1              P1_0 =  0;
 108   1              if(P1_7==0){
 109   2                      delay100ms();
 110   2                      while(P1_7==0){
 111   3                              delay100ms();
 112   3                              KeyNumber = 4;
 113   3                      }
 114   2              }
 115   1              if(P1_6==0){
 116   2                      delay100ms();
C51 COMPILER V9.57.0.0   MATRIXKEY                                                         04/17/2021 00:45:45 PAGE 3   

 117   2                      while(P1_6==0){
 118   3                              delay100ms();
 119   3                              KeyNumber = 8;
 120   3                      }
 121   2              }
 122   1              if(P1_5==0){
 123   2                      delay100ms();
 124   2                      while(P1_5==0){
 125   3                              delay100ms();
 126   3                              KeyNumber = 12;
 127   3                      }
 128   2              }
 129   1              if(P1_4==0){
 130   2                      delay100ms();
 131   2                      while(P1_4==0){
 132   3                              delay100ms();
 133   3                              KeyNumber = 16;
 134   3                      }
 135   2              }
 136   1              
 137   1              
 138   1              return KeyNumber;
 139   1      }


MODULE INFORMATION:   STATIC OVERLAYABLE
   CODE SIZE        =    298    ----
   CONSTANT SIZE    =   ----    ----
   XDATA SIZE       =   ----    ----
   PDATA SIZE       =   ----    ----
   DATA SIZE        =   ----       1
   IDATA SIZE       =   ----    ----
   BIT SIZE         =   ----    ----
END OF MODULE INFORMATION.


C51 COMPILATION COMPLETE.  0 WARNING(S),  0 ERROR(S)
