C51 COMPILER V9.57.0.0   MAIN                                                              04/16/2021 20:07:37 PAGE 1   


C51 COMPILER V9.57.0.0, COMPILATION OF MODULE MAIN
OBJECT MODULE PLACED IN .\Objects\main.obj
COMPILER INVOKED BY: C:\Keil_v5\C51\BIN\C51.EXE main.c OPTIMIZE(8,SPEED) BROWSE DEBUG OBJECTEXTEND PRINT(.\Listings\main
                    -.lst) OBJECT(.\Objects\main.obj)

line level    source

   1          #include <REGX52.H>
   2          
   3          #include "Delay.h"
   4          #include "Nixie.h"
   5          
   6          void main(){
   7   1              
   8   1              int i,j;
   9   1              
  10   1              while(1){
  11   2                      for(i=1;i<=8;i++){
  12   3                              
  13   3                              for(j=0;j<17;j++){
  14   4                                      Nixie(i,j);
  15   4                                      delay100ms();
  16   4                              }
  17   3                      }
  18   2              }
  19   1      }


MODULE INFORMATION:   STATIC OVERLAYABLE
   CODE SIZE        =     63    ----
   CONSTANT SIZE    =   ----    ----
   XDATA SIZE       =   ----    ----
   PDATA SIZE       =   ----    ----
   DATA SIZE        =   ----       4
   IDATA SIZE       =   ----    ----
   BIT SIZE         =   ----    ----
END OF MODULE INFORMATION.


C51 COMPILATION COMPLETE.  0 WARNING(S),  0 ERROR(S)
